<?xml version="1.0" encoding="UTF-8"?>
<!-- Generated by org.testng.reporters.JUnitXMLReporter -->
<testsuite ignored="0" hostname="Haripriyanga" failures="0" tests="2" name="Default test" time="28.723" errors="0" timestamp="2026-04-27T09:10:36 IST">
  <testcase classname="SuguneshMavenProjects.Tests.ErrorValidation" name="loginOrderErrorValidation" time="1.127"/>
  <testcase classname="SuguneshMavenProjects.Tests.ErrorValidation" name="productErrorValidation" time="14.093"/>
</testsuite> <!-- Default test -->
