<?xml version="1.0" encoding="UTF-8"?>
<!-- Generated by org.testng.reporters.JUnitXMLReporter -->
<testsuite ignored="0" hostname="Haripriyanga" failures="0" tests="2" name="Error Validation Test" time="22.715" errors="0" timestamp="2026-04-27T09:28:04 IST">
  <testcase classname="SuguneshMavenProjects.Tests.ErrorValidationTest" name="loginOrderErrorValidation" time="0.472"/>
  <testcase classname="SuguneshMavenProjects.Tests.ErrorValidationTest" name="productErrorValidation" time="14.122"/>
</testsuite> <!-- Error Validation Test -->
