<?xml version="1.0" encoding="UTF-8"?>
<testng-results ignored="0" total="3" passed="3" failed="0" skipped="0">
  <reporter-output>
  </reporter-output>
  <suite started-at="2026-04-27T09:27:20 IST" name="Suite" finished-at="2026-04-27T09:28:04 IST" duration-ms="43401">
    <groups>
    </groups>
    <test started-at="2026-04-27T09:27:20 IST" name="Submit Order Test" finished-at="2026-04-27T09:27:41 IST" duration-ms="20655">
      <class name="SuguneshMavenProjects.Tests.StandAloneTestToPOMMainclass">
        <test-method is-config="true" signature="launchAppliaction()[pri:0, instance:SuguneshMavenProjects.Tests.StandAloneTestToPOMMainclass@7722c3c3]" started-at="2026-04-27T09:27:20 IST" name="launchAppliaction" finished-at="2026-04-27T09:27:25 IST" duration-ms="4534" status="PASS">
          <reporter-output>
          </reporter-output>
        </test-method> <!-- launchAppliaction -->
        <test-method signature="submitOrder()[pri:0, instance:SuguneshMavenProjects.Tests.StandAloneTestToPOMMainclass@7722c3c3]" started-at="2026-04-27T09:27:25 IST" name="submitOrder" finished-at="2026-04-27T09:27:41 IST" duration-ms="15875" status="PASS">
          <reporter-output>
          </reporter-output>
        </test-method> <!-- submitOrder -->
        <test-method is-config="true" signature="tearDown()[pri:0, instance:SuguneshMavenProjects.Tests.StandAloneTestToPOMMainclass@7722c3c3]" started-at="2026-04-27T09:27:41 IST" name="tearDown" finished-at="2026-04-27T09:27:41 IST" duration-ms="206" status="PASS">
          <reporter-output>
          </reporter-output>
        </test-method> <!-- tearDown -->
      </class> <!-- SuguneshMavenProjects.Tests.StandAloneTestToPOMMainclass -->
    </test> <!-- Submit Order Test -->
    <test started-at="2026-04-27T09:27:41 IST" name="Error Validation Test" finished-at="2026-04-27T09:28:04 IST" duration-ms="22715">
      <class name="SuguneshMavenProjects.Tests.ErrorValidationTest">
        <test-method is-config="true" signature="launchAppliaction()[pri:0, instance:SuguneshMavenProjects.Tests.ErrorValidationTest@1d2adfbe]" started-at="2026-04-27T09:27:41 IST" name="launchAppliaction" finished-at="2026-04-27T09:27:45 IST" duration-ms="3815" status="PASS">
          <reporter-output>
          </reporter-output>
        </test-method> <!-- launchAppliaction -->
        <test-method signature="loginOrderErrorValidation()[pri:0, instance:SuguneshMavenProjects.Tests.ErrorValidationTest@1d2adfbe]" started-at="2026-04-27T09:27:45 IST" name="loginOrderErrorValidation" finished-at="2026-04-27T09:27:45 IST" duration-ms="472" status="PASS">
          <reporter-output>
          </reporter-output>
        </test-method> <!-- loginOrderErrorValidation -->
        <test-method is-config="true" signature="tearDown()[pri:0, instance:SuguneshMavenProjects.Tests.ErrorValidationTest@1d2adfbe]" started-at="2026-04-27T09:27:45 IST" name="tearDown" finished-at="2026-04-27T09:27:45 IST" duration-ms="146" status="PASS">
          <reporter-output>
          </reporter-output>
        </test-method> <!-- tearDown -->
        <test-method is-config="true" signature="launchAppliaction()[pri:0, instance:SuguneshMavenProjects.Tests.ErrorValidationTest@1d2adfbe]" started-at="2026-04-27T09:27:45 IST" name="launchAppliaction" finished-at="2026-04-27T09:27:49 IST" duration-ms="4034" status="PASS">
          <reporter-output>
          </reporter-output>
        </test-method> <!-- launchAppliaction -->
        <test-method signature="productErrorValidation()[pri:0, instance:SuguneshMavenProjects.Tests.ErrorValidationTest@1d2adfbe]" started-at="2026-04-27T09:27:49 IST" name="productErrorValidation" finished-at="2026-04-27T09:28:04 IST" duration-ms="14122" status="PASS">
          <reporter-output>
          </reporter-output>
        </test-method> <!-- productErrorValidation -->
        <test-method is-config="true" signature="tearDown()[pri:0, instance:SuguneshMavenProjects.Tests.ErrorValidationTest@1d2adfbe]" started-at="2026-04-27T09:28:04 IST" name="tearDown" finished-at="2026-04-27T09:28:04 IST" duration-ms="111" status="PASS">
          <reporter-output>
          </reporter-output>
        </test-method> <!-- tearDown -->
      </class> <!-- SuguneshMavenProjects.Tests.ErrorValidationTest -->
    </test> <!-- Error Validation Test -->
  </suite> <!-- Suite -->
</testng-results>
