<?xml version="1.0" encoding="UTF-8"?>
<testng-results ignored="0" total="1" passed="1" failed="0" skipped="0">
  <reporter-output>
  </reporter-output>
  <suite started-at="2026-04-23T09:35:08 IST" name="Default suite" finished-at="2026-04-23T09:35:58 IST" duration-ms="49187">
    <groups>
    </groups>
    <test started-at="2026-04-23T09:35:08 IST" name="Default test" finished-at="2026-04-23T09:35:58 IST" duration-ms="49187">
      <class name="SuguneshMavenProjects.Tests.StandAloneTestToPOMMainclass">
        <test-method is-config="true" signature="launchAppliaction()[pri:0, instance:SuguneshMavenProjects.Tests.StandAloneTestToPOMMainclass@7722c3c3]" started-at="2026-04-23T09:35:08 IST" name="launchAppliaction" finished-at="2026-04-23T09:35:39 IST" duration-ms="30190" status="PASS">
          <reporter-output>
          </reporter-output>
        </test-method> <!-- launchAppliaction -->
        <test-method signature="submitOrder()[pri:0, instance:SuguneshMavenProjects.Tests.StandAloneTestToPOMMainclass@7722c3c3]" started-at="2026-04-23T09:35:39 IST" name="submitOrder" finished-at="2026-04-23T09:35:57 IST" duration-ms="18593" status="PASS">
          <reporter-output>
          </reporter-output>
        </test-method> <!-- submitOrder -->
        <test-method is-config="true" signature="tearDown()[pri:0, instance:SuguneshMavenProjects.Tests.StandAloneTestToPOMMainclass@7722c3c3]" started-at="2026-04-23T09:35:57 IST" name="tearDown" finished-at="2026-04-23T09:35:58 IST" duration-ms="330" status="PASS">
          <reporter-output>
          </reporter-output>
        </test-method> <!-- tearDown -->
      </class> <!-- SuguneshMavenProjects.Tests.StandAloneTestToPOMMainclass -->
    </test> <!-- Default test -->
  </suite> <!-- Default suite -->
</testng-results>
