<?xml version="1.0" encoding="UTF-8"?>
<!-- Generated by org.testng.reporters.JUnitReportReporter -->
<testsuite hostname="Haripriyanga" failures="0" tests="2" name="SuguneshMavenProjects.Tests.ErrorValidationTest" time="22.700" errors="0" timestamp="2026-04-27T09:28:04 IST" skipped="0">
  <testcase classname="SuguneshMavenProjects.Tests.ErrorValidationTest" name="productErrorValidation" time="18.302"/>
  <testcase classname="SuguneshMavenProjects.Tests.ErrorValidationTest" name="loginOrderErrorValidation" time="4.398"/>
</testsuite> <!-- SuguneshMavenProjects.Tests.ErrorValidationTest -->
