<?xml version="1.0" encoding="UTF-8"?>
<!-- Generated by org.testng.reporters.JUnitReportReporter -->
<testsuite hostname="Haripriyanga" failures="0" tests="2" name="SuguneshMavenProjects.Tests.ErrorValidation" time="28.676" errors="0" timestamp="2026-04-27T09:10:36 IST" skipped="0">
  <testcase classname="SuguneshMavenProjects.Tests.ErrorValidation" name="productErrorValidation" time="23.261"/>
  <testcase classname="SuguneshMavenProjects.Tests.ErrorValidation" name="loginOrderErrorValidation" time="5.415"/>
</testsuite> <!-- SuguneshMavenProjects.Tests.ErrorValidation -->
